<?xml version="1.0" encoding="UTF-8"?>
<testsuite name="repositories.itvRepositoryFunctionsTest" tests="20" skipped="0" failures="0" errors="0" timestamp="2023-02-22T13:12:02" hostname="LAPTOP-A670VL4C" time="0.259">
  <properties/>
  <testcase name="mostrarMotosTest()" classname="repositories.itvRepositoryFunctionsTest" time="0.075"/>
  <testcase name="mediaAnyosFabricacionVehiculosTest()" classname="repositories.itvRepositoryFunctionsTest" time="0.134"/>
  <testcase name="vehiculosPorMarcaTest()" classname="repositories.itvRepositoryFunctionsTest" time="0.001"/>
  <testcase name="vehiculoMenosKilometrajeTest()" classname="repositories.itvRepositoryFunctionsTest" time="0.001"/>
  <testcase name="mediaAnyosFabricacionCochesTest()" classname="repositories.itvRepositoryFunctionsTest" time="0.003"/>
  <testcase name="numMotosTest()" classname="repositories.itvRepositoryFunctionsTest" time="0.002"/>
  <testcase name="mostrarCochesTest()" classname="repositories.itvRepositoryFunctionsTest" time="0.005"/>
  <testcase name="numMotosAptasTest()" classname="repositories.itvRepositoryFunctionsTest" time="0.002"/>
  <testcase name="numVehiculosAptosTest()" classname="repositories.itvRepositoryFunctionsTest" time="0.001"/>
  <testcase name="vehiculosPorMarcaOrdenadoKmDescendente()" classname="repositories.itvRepositoryFunctionsTest" time="0.005"/>
  <testcase name="numCochesTest()" classname="repositories.itvRepositoryFunctionsTest" time="0.001"/>
  <testcase name="numVehiculosTipoTest()" classname="repositories.itvRepositoryFunctionsTest" time="0.001"/>
  <testcase name="vehiculoMasModernoTest()" classname="repositories.itvRepositoryFunctionsTest" time="0.0"/>
  <testcase name="mediaKilometrajeMotosTest()" classname="repositories.itvRepositoryFunctionsTest" time="0.004"/>
  <testcase name="mostrarTodosTest()" classname="repositories.itvRepositoryFunctionsTest" time="0.004"/>
  <testcase name="mediaAnyosFabricacionMotosTest()" classname="repositories.itvRepositoryFunctionsTest" time="0.002"/>
  <testcase name="vehiculoMasAntiguoConMasDeDosPuertasTest()" classname="repositories.itvRepositoryFunctionsTest" time="0.001"/>
  <testcase name="vehiculosOrdenadosAnyoTest()" classname="repositories.itvRepositoryFunctionsTest" time="0.003"/>
  <testcase name="ordenarMarcasDescendenteTest()" classname="repositories.itvRepositoryFunctionsTest" time="0.001"/>
  <testcase name="numCochesAptosTest()" classname="repositories.itvRepositoryFunctionsTest" time="0.001"/>
  <system-out><![CDATA[]]></system-out>
  <system-err><![CDATA[]]></system-err>
</testsuite>
